0 info it worked if it ends with ok
1 verbose cli [ 'C:\\nodejs\\\\node.exe',
1 verbose cli   'C:\\nodejs\\node_modules\\npm\\bin\\npm-cli.js',
1 verbose cli   'start' ]
2 info using npm@2.10.1
3 info using node@v0.12.4
4 verbose stack Error: Failed to parse json
4 verbose stack Unexpected token 't' at 8:6
4 verbose stack     "test": "echo \"Error: no test specified\" && exit 1"
4 verbose stack      ^
4 verbose stack     at parseError (C:\nodejs\node_modules\npm\node_modules\read-package-json\read-json.js:379:11)
4 verbose stack     at parseJson (C:\nodejs\node_modules\npm\node_modules\read-package-json\read-json.js:68:23)
4 verbose stack     at C:\nodejs\node_modules\npm\node_modules\read-package-json\read-json.js:48:5
4 verbose stack     at evalmachine.<anonymous>:334:14
4 verbose stack     at C:\nodejs\node_modules\npm\node_modules\graceful-fs\graceful-fs.js:102:5
4 verbose stack     at FSReqWrap.oncomplete (evalmachine.<anonymous>:95:15)
5 verbose cwd C:\xampp\htdocs\Programing\React
6 error Windows_NT 6.2.9200
7 error argv "C:\\nodejs\\\\node.exe" "C:\\nodejs\\node_modules\\npm\\bin\\npm-cli.js" "start"
8 error node v0.12.4
9 error npm  v2.10.1
10 error file C:\xampp\htdocs\Programing\React\package.json
11 error code EJSONPARSE
12 error Failed to parse json
12 error Unexpected token 't' at 8:6
12 error     "test": "echo \"Error: no test specified\" && exit 1"
12 error      ^
13 error File: C:\xampp\htdocs\Programing\React\package.json
14 error Failed to parse package.json data.
14 error package.json must be actual JSON, not just JavaScript.
14 error
14 error This is not a bug in npm.
14 error Tell the package author to fix their package.json file. JSON.parse
15 verbose exit [ 1, true ]
